0 info it worked if it ends with ok
1 verbose cli [ '/usr/local/bin/node',
1 verbose cli   '/usr/local/bin/npm',
1 verbose cli   'run',
1 verbose cli   'start-dev' ]
2 info using npm@1.4.14
3 info using node@v0.10.29
4 error Error: ENOENT, open '/home/mb/www/blog/stylesheets/package.json'
5 error If you need help, you may report this *entire* log,
5 error including the npm and node versions, at:
5 error     <http://github.com/npm/npm/issues>
6 error System Linux 3.13.0-46-generic
7 error command "/usr/local/bin/node" "/usr/local/bin/npm" "run" "start-dev"
8 error cwd /home/mb/www/blog/stylesheets
9 error node -v v0.10.29
10 error npm -v 1.4.14
11 error path /home/mb/www/blog/stylesheets/package.json
12 error code ENOENT
13 error errno 34
14 verbose exit [ 34, true ]
